  task1.c
c:\users\адм\desktop\опсии\projects\lab4\lab4\task1.c(2): warning C4013: printf: нет определения; предполагается "extern" с возвратом типа "int"
  task2.c
c:\users\адм\desktop\опсии\projects\lab4\lab4\task2.c(2): warning C4013: printf: нет определения; предполагается "extern" с возвратом типа "int"
c:\users\адм\desktop\опсии\projects\lab4\lab4\task2.c(5): warning C4013: scanf: нет определения; предполагается "extern" с возвратом типа "int"
c:\users\адм\desktop\опсии\projects\lab4\lab4\task2.c(7): warning C4013: increment: нет определения; предполагается "extern" с возвратом типа "int"
  task3.c
c:\users\адм\desktop\опсии\projects\lab4\lab4\task3.c(2): warning C4013: printf: нет определения; предполагается "extern" с возвратом типа "int"
c:\users\адм\desktop\опсии\projects\lab4\lab4\task3.c(3): warning C4013: malloc: нет определения; предполагается "extern" с возвратом типа "int"
c:\users\адм\desktop\опсии\projects\lab4\lab4\task3.c(5): warning C4013: scanf: нет определения; предполагается "extern" с возвратом типа "int"
c:\users\адм\desktop\опсии\projects\lab4\lab4\task3.c(7): warning C4013: increment: нет определения; предполагается "extern" с возвратом типа "int"
c:\users\адм\desktop\опсии\projects\lab4\lab4\task3.c(9): warning C4013: free: нет определения; предполагается "extern" с возвратом типа "int"
  task4.c
  task5.c
  task6.c
  task7.c
c:\users\адм\desktop\опсии\projects\lab4\lab4\task7.c(5): warning C4013: readArray: нет определения; предполагается "extern" с возвратом типа "int"
c:\users\адм\desktop\опсии\projects\lab4\lab4\task7.c(6): warning C4013: printf: нет определения; предполагается "extern" с возвратом типа "int"
c:\users\адм\desktop\опсии\projects\lab4\lab4\task7.c(7): warning C4013: writeArray: нет определения; предполагается "extern" с возвратом типа "int"
c:\users\адм\desktop\опсии\projects\lab4\lab4\task7.c(8): warning C4013: sort: нет определения; предполагается "extern" с возвратом типа "int"
  task8.c
c:\users\адм\desktop\опсии\projects\lab4\lab4\task8.c(3): warning C4013: printf: нет определения; предполагается "extern" с возвратом типа "int"
c:\users\адм\desktop\опсии\projects\lab4\lab4\task8.c(4): warning C4013: scanf: нет определения; предполагается "extern" с возвратом типа "int"
c:\users\адм\desktop\опсии\projects\lab4\lab4\task8.c(6): warning C4013: malloc: нет определения; предполагается "extern" с возвратом типа "int"
c:\users\адм\desktop\опсии\projects\lab4\lab4\task8.c(7): warning C4013: readArray: нет определения; предполагается "extern" с возвратом типа "int"
c:\users\адм\desktop\опсии\projects\lab4\lab4\task8.c(9): warning C4013: writeArray: нет определения; предполагается "extern" с возвратом типа "int"
c:\users\адм\desktop\опсии\projects\lab4\lab4\task8.c(11): warning C4013: sort: нет определения; предполагается "extern" с возвратом типа "int"
  task9_main.c
c:\users\адм\desktop\опсии\projects\lab4\lab4\task9_main.c(10): warning C4013: system: нет определения; предполагается "extern" с возвратом типа "int"
c:\users\адм\desktop\опсии\projects\lab4\lab4\task9_main.c(18): warning C4013: _getch: нет определения; предполагается "extern" с возвратом типа "int"
c:\users\адм\desktop\опсии\projects\lab4\lab4\task9_main.c(28): warning C4013: incrementHeapVariable: нет определения; предполагается "extern" с возвратом типа "int"
c:\users\адм\desktop\опсии\projects\lab4\lab4\task9_main.c(8): warning C4101: n: неиспользованная локальная переменная
  Создание кода...
  Lab4.vcxproj -> C:\Users\адм\Desktop\ОПСИИ\Projects\Lab4\Debug\Lab4.exe
