c:\users\yurik\onedrive\документы\visual studio 2017\projects\task8_exe\task8_exe\debug\vc141.pdb
c:\users\yurik\onedrive\документы\visual studio 2017\projects\task8_exe\task8_exe\debug\vc141.idb
c:\users\yurik\onedrive\документы\visual studio 2017\projects\task8_exe\task8_exe\debug\task7_main.obj
c:\users\адм\desktop\оп\лаба1\task8_exe\task8_exe\debug\vc141.pdb
c:\users\адм\desktop\оп\лаба1\task8_exe\task8_exe\debug\vc141.idb
c:\users\адм\desktop\оп\лаба1\task8_exe\task8_exe\debug\task7_main.obj
c:\users\адм\desktop\оп\лаба1\task8_exe\debug\task8_exe.pdb
c:\users\адм\desktop\оп\лаба1\task8_exe\task8_exe\debug\task8_exe.tlog\cl.command.1.tlog
c:\users\адм\desktop\оп\лаба1\task8_exe\task8_exe\debug\task8_exe.tlog\cl.read.1.tlog
c:\users\адм\desktop\оп\лаба1\task8_exe\task8_exe\debug\task8_exe.tlog\cl.write.1.tlog
c:\users\адм\desktop\оп\лаба1\task8_exe\task8_exe\debug\task8_exe.tlog\link-cvtres.read.1.tlog
c:\users\адм\desktop\оп\лаба1\task8_exe\task8_exe\debug\task8_exe.tlog\link-cvtres.write.1.tlog
c:\users\адм\desktop\оп\лаба1\task8_exe\task8_exe\debug\task8_exe.tlog\link-rc.read.1.tlog
c:\users\адм\desktop\оп\лаба1\task8_exe\task8_exe\debug\task8_exe.tlog\link-rc.write.1.tlog
c:\users\адм\desktop\оп\лаба1\task8_exe\task8_exe\debug\task8_exe.tlog\link.7456-cvtres.read.1.tlog
c:\users\адм\desktop\оп\лаба1\task8_exe\task8_exe\debug\task8_exe.tlog\link.7456-cvtres.write.1.tlog
c:\users\адм\desktop\оп\лаба1\task8_exe\task8_exe\debug\task8_exe.tlog\link.7456-rc.read.1.tlog
c:\users\адм\desktop\оп\лаба1\task8_exe\task8_exe\debug\task8_exe.tlog\link.7456-rc.write.1.tlog
c:\users\адм\desktop\оп\лаба1\task8_exe\task8_exe\debug\task8_exe.tlog\link.7456.read.1.tlog
c:\users\адм\desktop\оп\лаба1\task8_exe\task8_exe\debug\task8_exe.tlog\link.7456.write.1.tlog
c:\users\адм\desktop\оп\лаба1\task8_exe\task8_exe\debug\task8_exe.tlog\link.command.1.tlog
c:\users\адм\desktop\оп\лаба1\task8_exe\task8_exe\debug\task8_exe.tlog\link.read.1.tlog
c:\users\адм\desktop\оп\лаба1\task8_exe\task8_exe\debug\task8_exe.tlog\link.write.1.tlog
